Info: Starting: Create block symbol file (.bsf)
Info: ip-generate --project-directory=C:/Users/thelu/Documents/SD/saisatanas/ --output-directory=C:/Users/thelu/Documents/SD/saisatanas/cpu/ --report-file=bsf:C:/Users/thelu/Documents/SD/saisatanas/cpu.bsf --system-info=DEVICE_FAMILY="Cyclone IV GX" --system-info=DEVICE=Unknown --system-info=DEVICE_SPEEDGRADE=Unknown --component-file=C:/Users/thelu/Documents/SD/saisatanas/cpu.qsys
Progress: Loading saisatanas/cpu.qsys
Progress: Reading input file
Progress: Adding clk_0 [clock_source 13.0]
Progress: Parameterizing module clk_0
Progress: Adding nios2_qsys_0 [altera_nios2_qsys 13.0]
Progress: Parameterizing module nios2_qsys_0
Progress: Adding onchip_memory2_0 [altera_avalon_onchip_memory2 13.0.1.99.2]
Progress: Parameterizing module onchip_memory2_0
Progress: Adding jtag_uart_0 [altera_avalon_jtag_uart 13.0.1.99.2]
Progress: Parameterizing module jtag_uart_0
Progress: Adding pio_0 [altera_avalon_pio 13.0.1.99.2]
Progress: Parameterizing module pio_0
Progress: Adding lcd_0 [lcd 1.0]
Progress: Parameterizing module lcd_0
Progress: Adding sete_seg_0 [sete_seg 1.0]
Progress: Parameterizing module sete_seg_0
Progress: Adding rs232_0 [altera_up_avalon_rs232 13.1]
Progress: Parameterizing module rs232_0
Progress: Building connections
Progress: Parameterizing connections
Progress: Validating
Progress: Done reading input file
Info: cpu.pio_0: PIO inputs are not hardwired in test bench. Undefined values will be read from PIO inputs during simulation.
Info: ip-generate succeeded.
Info: Finished: Create block symbol file (.bsf)
Info: 
Info: Starting: Create HDL design files for synthesis
Info: ip-generate --project-directory=C:/Users/thelu/Documents/SD/saisatanas/ --output-directory=C:/Users/thelu/Documents/SD/saisatanas/cpu/synthesis/ --file-set=QUARTUS_SYNTH --report-file=sopcinfo:C:/Users/thelu/Documents/SD/saisatanas/cpu.sopcinfo --report-file=html:C:/Users/thelu/Documents/SD/saisatanas/cpu.html --report-file=qip:C:/Users/thelu/Documents/SD/saisatanas/cpu/synthesis/cpu.qip --report-file=cmp:C:/Users/thelu/Documents/SD/saisatanas/cpu.cmp --report-file=svd --system-info=DEVICE_FAMILY="Cyclone IV GX" --system-info=DEVICE=Unknown --system-info=DEVICE_SPEEDGRADE=Unknown --component-file=C:/Users/thelu/Documents/SD/saisatanas/cpu.qsys --language=VERILOG
Progress: Loading saisatanas/cpu.qsys
Progress: Reading input file
Progress: Adding clk_0 [clock_source 13.0]
Progress: Parameterizing module clk_0
Progress: Adding nios2_qsys_0 [altera_nios2_qsys 13.0]
Progress: Parameterizing module nios2_qsys_0
Progress: Adding onchip_memory2_0 [altera_avalon_onchip_memory2 13.0.1.99.2]
Progress: Parameterizing module onchip_memory2_0
Progress: Adding jtag_uart_0 [altera_avalon_jtag_uart 13.0.1.99.2]
Progress: Parameterizing module jtag_uart_0
Progress: Adding pio_0 [altera_avalon_pio 13.0.1.99.2]
Progress: Parameterizing module pio_0
Progress: Adding lcd_0 [lcd 1.0]
Progress: Parameterizing module lcd_0
Progress: Adding sete_seg_0 [sete_seg 1.0]
Progress: Parameterizing module sete_seg_0
Progress: Adding rs232_0 [altera_up_avalon_rs232 13.1]
Progress: Parameterizing module rs232_0
Progress: Building connections
Progress: Parameterizing connections
Progress: Validating
Progress: Done reading input file
Info: cpu.pio_0: PIO inputs are not hardwired in test bench. Undefined values will be read from PIO inputs during simulation.
Info: cpu: Generating cpu "cpu" for QUARTUS_SYNTH
Info: pipeline_bridge_swap_transform: After transform: 8 modules, 24 connections
Info: merlin_custom_instruction_transform: After transform: 12 modules, 28 connections
Info: merlin_translator_transform: After transform: 19 modules, 49 connections
Info: merlin_domain_transform: After transform: 32 modules, 113 connections
Info: merlin_router_transform: After transform: 39 modules, 134 connections
Info: reset_adaptation_transform: After transform: 40 modules, 136 connections
Info: merlin_network_to_switch_transform: After transform: 53 modules, 170 connections
Info: merlin_mm_transform: After transform: 53 modules, 170 connections
Info: merlin_interrupt_mapper_transform: After transform: 54 modules, 173 connections
Warning: cpu: "No matching role found for nios2_qsys_0_custom_instruction_master_multi_xconnect:ci_slave:ci_slave_ipending (ipending)"
Warning: cpu: "No matching role found for nios2_qsys_0_custom_instruction_master_multi_xconnect:ci_slave:ci_slave_estatus (estatus)"
Warning: cpu: "No matching role found for nios2_qsys_0_custom_instruction_master_multi_slave_translator0:ci_master:ci_master_result (result)"
Warning: cpu: "No matching role found for nios2_qsys_0_custom_instruction_master_multi_slave_translator0:ci_master:ci_master_reset (reset)"
Warning: cpu: "No matching role found for nios2_qsys_0_custom_instruction_master_multi_slave_translator1:ci_master:ci_master_result (result)"
Warning: cpu: "No matching role found for nios2_qsys_0_custom_instruction_master_multi_slave_translator1:ci_master:ci_master_reset (reset)"
Warning: cpu: "No matching role found for rst_controller:reset_out:reset_req (reset_req)"
Warning: cpu: "No matching role found for rst_controller:reset_out:reset_req (reset_req)"
Warning: cpu: "No matching role found for rst_controller:reset_out:reset_req (reset_req)"
Warning: cpu: "No matching role found for rst_controller:reset_out:reset_req (reset_req)"
Warning: cpu: "No matching role found for rst_controller:reset_out:reset_req (reset_req)"
Warning: cpu: "No matching role found for rst_controller:reset_out:reset_req (reset_req)"
Warning: cpu: "No matching role found for rst_controller:reset_out:reset_req (reset_req)"
Warning: cpu: "No matching role found for rst_controller:reset_out:reset_req (reset_req)"
Warning: cpu: "No matching role found for rst_controller:reset_out:reset_req (reset_req)"
Warning: cpu: "No matching role found for rst_controller:reset_out:reset_req (reset_req)"
Warning: cpu: "No matching role found for rst_controller:reset_out:reset_req (reset_req)"
Warning: cpu: "No matching role found for rst_controller:reset_out:reset_req (reset_req)"
Warning: cpu: "No matching role found for rst_controller:reset_out:reset_req (reset_req)"
Warning: cpu: "No matching role found for rst_controller:reset_out:reset_req (reset_req)"
Warning: cpu: "No matching role found for rst_controller:reset_out:reset_req (reset_req)"
Warning: cpu: "No matching role found for rst_controller:reset_out:reset_req (reset_req)"
Warning: cpu: "No matching role found for rst_controller:reset_out:reset_req (reset_req)"
Warning: cpu: "No matching role found for rst_controller:reset_out:reset_req (reset_req)"
Warning: cpu: "No matching role found for rst_controller:reset_out:reset_req (reset_req)"
Warning: cpu: "No matching role found for rst_controller:reset_out:reset_req (reset_req)"
Warning: cpu: "No matching role found for rst_controller:reset_out:reset_req (reset_req)"
Warning: cpu: "No matching role found for rst_controller:reset_out:reset_req (reset_req)"
Warning: cpu: "No matching role found for rst_controller:reset_out:reset_req (reset_req)"
Warning: cpu: "No matching role found for rst_controller:reset_out:reset_req (reset_req)"
Warning: cpu: "No matching role found for rst_controller:reset_out:reset_req (reset_req)"
Warning: cpu: "No matching role found for rst_controller:reset_out:reset_req (reset_req)"
Warning: cpu: "No matching role found for rst_controller:reset_out:reset_req (reset_req)"
Warning: cpu: "No matching role found for rst_controller:reset_out:reset_req (reset_req)"
Warning: cpu: "No matching role found for rst_controller:reset_out:reset_req (reset_req)"
Warning: cpu: "No matching role found for rst_controller:reset_out:reset_req (reset_req)"
Warning: cpu: "No matching role found for rst_controller:reset_out:reset_req (reset_req)"
Warning: cpu: "No matching role found for rst_controller:reset_out:reset_req (reset_req)"
Warning: cpu: "No matching role found for rst_controller:reset_out:reset_req (reset_req)"
Warning: cpu: "No matching role found for rst_controller:reset_out:reset_req (reset_req)"
Warning: cpu: "No matching role found for rst_controller:reset_out:reset_req (reset_req)"
Warning: cpu: "No matching role found for rst_controller:reset_out:reset_req (reset_req)"
Warning: cpu: "No matching role found for rst_controller:reset_out:reset_req (reset_req)"
Warning: cpu: "No matching role found for rst_controller:reset_out:reset_req (reset_req)"
Warning: cpu: "No matching role found for rst_controller:reset_out:reset_req (reset_req)"
Warning: cpu: "No matching role found for rst_controller:reset_out:reset_req (reset_req)"
Warning: cpu: "No matching role found for rst_controller:reset_out:reset_req (reset_req)"
Warning: cpu: "No matching role found for rst_controller:reset_out:reset_req (reset_req)"
Warning: cpu: "No matching role found for rst_controller:reset_out:reset_req (reset_req)"
Warning: cpu: "No matching role found for rst_controller:reset_out:reset_req (reset_req)"
Warning: cpu: "No matching role found for rst_controller:reset_out:reset_req (reset_req)"
Info: nios2_qsys_0: Starting RTL generation for module 'cpu_nios2_qsys_0'
Info: nios2_qsys_0:   Generation command is [exec C:/altera/13.0sp1/quartus/../ip/altera/nios2_ip/altera_nios2/eperl.exe -I C:/altera/13.0sp1/quartus/common/ip/altera/common/perl/5.8.3 -I C:/altera/13.0sp1/quartus/sopc_builder/bin/europa -I C:/altera/13.0sp1/quartus/sopc_builder/bin/perl_lib -I C:/altera/13.0sp1/quartus/sopc_builder/bin -I C:/altera/13.0sp1/quartus/../ip/altera/nios2_ip/altera_nios2/cpu_lib -I C:/altera/13.0sp1/quartus/../ip/altera/nios2_ip/altera_nios2/nios_lib -I C:/altera/13.0sp1/quartus/../ip/altera/nios2_ip/altera_nios2 -I C:/altera/13.0sp1/quartus/../ip/altera/nios2_ip/altera_nios2 -- C:/altera/13.0sp1/quartus/../ip/altera/nios2_ip/altera_nios2/generate_rtl.epl --name=cpu_nios2_qsys_0 --dir=C:/Users/thelu/AppData/Local/Temp/alt8106_7641961022653393880.dir/0003_nios2_qsys_0_gen/ --quartus_dir=C:/altera/13.0sp1/quartus --verilog --config=C:/Users/thelu/AppData/Local/Temp/alt8106_7641961022653393880.dir/0003_nios2_qsys_0_gen//cpu_nios2_qsys_0_processor_configuration.pl  --do_build_sim=0    --bogus  ]
Info: nios2_qsys_0: # 2019.07.29 14:48:19 (*) Starting Nios II generation
Info: nios2_qsys_0: # 2019.07.29 14:48:19 (*)   Checking for plaintext license.
Info: nios2_qsys_0: # 2019.07.29 14:48:20 (*)   Couldn't query license setup in Quartus directory C:/altera/13.0sp1/quartus
Info: nios2_qsys_0: # 2019.07.29 14:48:20 (*)   Defaulting to contents of LM_LICENSE_FILE environment variable
Info: nios2_qsys_0: # 2019.07.29 14:48:20 (*)   LM_LICENSE_FILE environment variable is empty
Info: nios2_qsys_0: # 2019.07.29 14:48:20 (*)   Plaintext license not found.
Info: nios2_qsys_0: # 2019.07.29 14:48:20 (*)   No license required to generate encrypted Nios II/e.
Info: nios2_qsys_0: # 2019.07.29 14:48:20 (*)   Elaborating CPU configuration settings
Info: nios2_qsys_0: # 2019.07.29 14:48:20 (*)   Creating all objects for CPU
Info: nios2_qsys_0: # 2019.07.29 14:48:22 (*)   Generating RTL from CPU objects
Info: nios2_qsys_0: # 2019.07.29 14:48:22 (*)   Creating plain-text RTL
Info: nios2_qsys_0: # 2019.07.29 14:48:26 (*) Done Nios II generation
Info: nios2_qsys_0: Done RTL generation for module 'cpu_nios2_qsys_0'
Info: nios2_qsys_0: "cpu" instantiated altera_nios2_qsys "nios2_qsys_0"
Info: onchip_memory2_0: Starting RTL generation for module 'cpu_onchip_memory2_0'
Info: onchip_memory2_0:   Generation command is [exec C:/altera/13.0sp1/quartus/bin/perl/bin/perl.exe -I C:/altera/13.0sp1/quartus/common/ip/altera/common/perl/5.8.3 -I C:/altera/13.0sp1/quartus/sopc_builder/bin/europa -I C:/altera/13.0sp1/quartus/sopc_builder/bin/perl_lib -I C:/altera/13.0sp1/quartus/sopc_builder/bin -I C:/altera/13.0sp1/quartus/../ip/altera/sopc_builder_ip/common -I C:/altera/13.0sp1/quartus/../ip/altera/sopc_builder_ip/altera_avalon_onchip_memory2 -- C:/altera/13.0sp1/quartus/../ip/altera/sopc_builder_ip/altera_avalon_onchip_memory2/generate_rtl.pl --name=cpu_onchip_memory2_0 --dir=C:/Users/thelu/AppData/Local/Temp/alt8106_7641961022653393880.dir/0004_onchip_memory2_0_gen/ --quartus_dir=C:/altera/13.0sp1/quartus --verilog --config=C:/Users/thelu/AppData/Local/Temp/alt8106_7641961022653393880.dir/0004_onchip_memory2_0_gen//cpu_onchip_memory2_0_component_configuration.pl  --do_build_sim=0  ]
Info: onchip_memory2_0: Done RTL generation for module 'cpu_onchip_memory2_0'
Info: onchip_memory2_0: "cpu" instantiated altera_avalon_onchip_memory2 "onchip_memory2_0"
Info: jtag_uart_0: Starting RTL generation for module 'cpu_jtag_uart_0'
Info: jtag_uart_0:   Generation command is [exec C:/altera/13.0sp1/quartus/bin/perl/bin/perl.exe -I C:/altera/13.0sp1/quartus/common/ip/altera/common/perl/5.8.3 -I C:/altera/13.0sp1/quartus/sopc_builder/bin/europa -I C:/altera/13.0sp1/quartus/sopc_builder/bin/perl_lib -I C:/altera/13.0sp1/quartus/sopc_builder/bin -I C:/altera/13.0sp1/quartus/../ip/altera/sopc_builder_ip/common -I C:/altera/13.0sp1/quartus/../ip/altera/sopc_builder_ip/altera_avalon_jtag_uart -- C:/altera/13.0sp1/quartus/../ip/altera/sopc_builder_ip/altera_avalon_jtag_uart/generate_rtl.pl --name=cpu_jtag_uart_0 --dir=C:/Users/thelu/AppData/Local/Temp/alt8106_7641961022653393880.dir/0005_jtag_uart_0_gen/ --quartus_dir=C:/altera/13.0sp1/quartus --verilog --config=C:/Users/thelu/AppData/Local/Temp/alt8106_7641961022653393880.dir/0005_jtag_uart_0_gen//cpu_jtag_uart_0_component_configuration.pl  --do_build_sim=0  ]
Info: jtag_uart_0: Done RTL generation for module 'cpu_jtag_uart_0'
Info: jtag_uart_0: "cpu" instantiated altera_avalon_jtag_uart "jtag_uart_0"
Info: pio_0: Starting RTL generation for module 'cpu_pio_0'
Info: pio_0:   Generation command is [exec C:/altera/13.0sp1/quartus/bin/perl/bin/perl.exe -I C:/altera/13.0sp1/quartus/common/ip/altera/common/perl/5.8.3 -I C:/altera/13.0sp1/quartus/sopc_builder/bin/europa -I C:/altera/13.0sp1/quartus/sopc_builder/bin/perl_lib -I C:/altera/13.0sp1/quartus/sopc_builder/bin -I C:/altera/13.0sp1/quartus/../ip/altera/sopc_builder_ip/common -I C:/altera/13.0sp1/quartus/../ip/altera/sopc_builder_ip/altera_avalon_pio -- C:/altera/13.0sp1/quartus/../ip/altera/sopc_builder_ip/altera_avalon_pio/generate_rtl.pl --name=cpu_pio_0 --dir=C:/Users/thelu/AppData/Local/Temp/alt8106_7641961022653393880.dir/0006_pio_0_gen/ --quartus_dir=C:/altera/13.0sp1/quartus --verilog --config=C:/Users/thelu/AppData/Local/Temp/alt8106_7641961022653393880.dir/0006_pio_0_gen//cpu_pio_0_component_configuration.pl  --do_build_sim=0  ]
Info: pio_0: Done RTL generation for module 'cpu_pio_0'
Info: pio_0: "cpu" instantiated altera_avalon_pio "pio_0"
Info: lcd_0: "cpu" instantiated lcd "lcd_0"
Info: sete_seg_0: "cpu" instantiated sete_seg "sete_seg_0"
Info: rs232_0: Starting Generation of RS232 UART
Info: rs232_0: "cpu" instantiated altera_up_avalon_rs232 "rs232_0"
Info: nios2_qsys_0_custom_instruction_master_translator: "cpu" instantiated altera_customins_master_translator "nios2_qsys_0_custom_instruction_master_translator"
Info: nios2_qsys_0_custom_instruction_master_multi_xconnect: "cpu" instantiated altera_customins_xconnect "nios2_qsys_0_custom_instruction_master_multi_xconnect"
Info: nios2_qsys_0_custom_instruction_master_multi_slave_translator0: "cpu" instantiated altera_customins_slave_translator "nios2_qsys_0_custom_instruction_master_multi_slave_translator0"
Info: nios2_qsys_0_instruction_master_translator: "cpu" instantiated altera_merlin_master_translator "nios2_qsys_0_instruction_master_translator"
Info: nios2_qsys_0_jtag_debug_module_translator: "cpu" instantiated altera_merlin_slave_translator "nios2_qsys_0_jtag_debug_module_translator"
Info: nios2_qsys_0_instruction_master_translator_avalon_universal_master_0_agent: "cpu" instantiated altera_merlin_master_agent "nios2_qsys_0_instruction_master_translator_avalon_universal_master_0_agent"
Info: nios2_qsys_0_jtag_debug_module_translator_avalon_universal_slave_0_agent: "cpu" instantiated altera_merlin_slave_agent "nios2_qsys_0_jtag_debug_module_translator_avalon_universal_slave_0_agent"
Info: nios2_qsys_0_jtag_debug_module_translator_avalon_universal_slave_0_agent_rsp_fifo: "cpu" instantiated altera_avalon_sc_fifo "nios2_qsys_0_jtag_debug_module_translator_avalon_universal_slave_0_agent_rsp_fifo"
Info: addr_router: "cpu" instantiated altera_merlin_router "addr_router"
Info: id_router: "cpu" instantiated altera_merlin_router "id_router"
Info: rst_controller: "cpu" instantiated altera_reset_controller "rst_controller"
Info: cmd_xbar_demux: "cpu" instantiated altera_merlin_demultiplexer "cmd_xbar_demux"
Info: cmd_xbar_mux: "cpu" instantiated altera_merlin_multiplexer "cmd_xbar_mux"
Info: rsp_xbar_demux: "cpu" instantiated altera_merlin_demultiplexer "rsp_xbar_demux"
Info: rsp_xbar_mux: "cpu" instantiated altera_merlin_multiplexer "rsp_xbar_mux"
Info: Reusing file C:/Users/thelu/Documents/SD/saisatanas/cpu/synthesis/submodules/altera_merlin_arbitrator.sv
Info: irq_mapper: "cpu" instantiated altera_irq_mapper "irq_mapper"
Info: cpu: Done cpu" with 24 modules, 81 files, 1461001 bytes
Info: ip-generate succeeded.
Info: Finished: Create HDL design files for synthesis
